<?xml version="1.0" encoding="UTF-8"?>
<!-- Generated by org.testng.reporters.JUnitXMLReporter -->
<testsuite hostname="F04095" ignored="0" name="Regression Testing" tests="6" failures="0" timestamp="2021-04-04T18:48:08 EDT" time="66.482" errors="0">
  <testcase name="verifyCurrencyCalculatorTitle" time="0.032" classname="currency.converter.testcases.Test_001_VerifyCurrencyExchangeCalculatorPageDisplay"/>
  <testcase name="verifyCurrencyCalculatorLogo" time="0.095" classname="currency.converter.testcases.Test_001_VerifyCurrencyExchangeCalculatorPageDisplay"/>
  <testcase name="verifyCurrencyCalculatorHeader" time="0.163" classname="currency.converter.testcases.Test_001_VerifyCurrencyExchangeCalculatorPageDisplay"/>
  <testcase name="verifyRateTableFilterDisplay" time="0.537" classname="currency.converter.testcases.Test_001_VerifyCurrencyExchangeCalculatorPageDisplay"/>
  <testcase name="verifyCurrencyPageNote" time="0.033" classname="currency.converter.testcases.Test_001_VerifyCurrencyExchangeCalculatorPageDisplay"/>
  <testcase name="verifyCountryChangeTest" time="8.287" classname="currency.converter.testcases.Test_002_VerifyCountryChangeDisplay"/>
</testsuite> <!-- Regression Testing -->
